<?xml version="1.0" encoding="UTF-8"?>
<!-- Generated by org.testng.reporters.JUnitReportReporter -->
<testsuite hostname="LAPTOP-0L4VOSUC" failures="0" tests="1" name="TestNG_1" time="61.390" errors="0" timestamp="2020-03-04T13:10:26 IST" skipped="0">
  <testcase classname="TestNG_1" name="Test" time="61.390"/>
  <system-out/>
</testsuite> <!-- TestNG_1 -->
